{"app/form_validator.js":{"path":"app/form_validator.js","s":{"1":1,"2":10,"3":10,"4":1,"5":7,"6":1,"7":6,"8":1},"b":{"1":[7,3],"2":[6,4]},"f":{"1":10,"2":7,"3":6},"fnMap":{"1":{"name":"(anonymous_1)","line":1,"loc":{"start":{"line":1,"column":32},"end":{"line":1,"column":49}}},"2":{"name":"(anonymous_2)","line":8,"loc":{"start":{"line":8,"column":21},"end":{"line":8,"column":38}}},"3":{"name":"(anonymous_3)","line":13,"loc":{"start":{"line":13,"column":30},"end":{"line":13,"column":55}}}},"statementMap":{"1":{"start":{"line":1,"column":0},"end":{"line":5,"column":2}},"2":{"start":{"line":3,"column":2},"end":{"line":3,"column":49}},"3":{"start":{"line":4,"column":2},"end":{"line":4,"column":45}},"4":{"start":{"line":8,"column":0},"end":{"line":10,"column":2}},"5":{"start":{"line":9,"column":2},"end":{"line":9,"column":44}},"6":{"start":{"line":13,"column":0},"end":{"line":15,"column":2}},"7":{"start":{"line":14,"column":2},"end":{"line":14,"column":68}},"8":{"start":{"line":18,"column":0},"end":{"line":22,"column":2}}},"branchMap":{"1":{"line":9,"type":"binary-expr","locations":[{"start":{"line":9,"column":9},"end":{"line":9,"column":24}},{"start":{"line":9,"column":28},"end":{"line":9,"column":43}}]},"2":{"line":14,"type":"binary-expr","locations":[{"start":{"line":14,"column":9},"end":{"line":14,"column":40}},{"start":{"line":14,"column":44},"end":{"line":14,"column":67}}]}}},"app/jsonp_helper.js":{"path":"app/jsonp_helper.js","s":{"1":1,"2":7,"3":7,"4":7,"5":7,"6":7,"7":7,"8":3,"9":3,"10":1},"b":{},"f":{"1":7},"fnMap":{"1":{"name":"(anonymous_1)","line":1,"loc":{"start":{"line":1,"column":17},"end":{"line":1,"column":38}}}},"statementMap":{"1":{"start":{"line":1,"column":0},"end":{"line":18,"column":2}},"2":{"start":{"line":3,"column":2},"end":{"line":16,"column":3}},"3":{"start":{"line":4,"column":4},"end":{"line":4,"column":43}},"4":{"start":{"line":5,"column":4},"end":{"line":5,"column":45}},"5":{"start":{"line":6,"column":4},"end":{"line":6,"column":67}},"6":{"start":{"line":9,"column":4},"end":{"line":9,"column":49}},"7":{"start":{"line":11,"column":4},"end":{"line":11,"column":34}},"8":{"start":{"line":14,"column":4},"end":{"line":14,"column":73}},"9":{"start":{"line":15,"column":4},"end":{"line":15,"column":16}},"10":{"start":{"line":21,"column":0},"end":{"line":23,"column":2}}},"branchMap":{}},"app/photo_model.js":{"path":"app/photo_model.js","s":{"1":1,"2":1,"3":1,"4":5,"5":5,"6":5,"7":4,"8":4,"9":2,"10":2,"11":4,"12":4,"13":2,"14":2,"15":1,"16":1},"b":{"1":[4,1],"2":[5,5]},"f":{"1":5,"2":5,"3":4},"fnMap":{"1":{"name":"(anonymous_1)","line":5,"loc":{"start":{"line":5,"column":22},"end":{"line":5,"column":57}}},"2":{"name":"(anonymous_2)","line":17,"loc":{"start":{"line":17,"column":35},"end":{"line":17,"column":68}}},"3":{"name":"(anonymous_3)","line":26,"loc":{"start":{"line":26,"column":23},"end":{"line":26,"column":40}}}},"statementMap":{"1":{"start":{"line":1,"column":0},"end":{"line":1,"column":33}},"2":{"start":{"line":2,"column":0},"end":{"line":2,"column":44}},"3":{"start":{"line":5,"column":0},"end":{"line":45,"column":2}},"4":{"start":{"line":7,"column":2},"end":{"line":15,"column":4}},"5":{"start":{"line":17,"column":2},"end":{"line":43,"column":5}},"6":{"start":{"line":19,"column":4},"end":{"line":41,"column":5}},"7":{"start":{"line":21,"column":6},"end":{"line":36,"column":7}},"8":{"start":{"line":23,"column":8},"end":{"line":23,"column":48}},"9":{"start":{"line":24,"column":8},"end":{"line":24,"column":32}},"10":{"start":{"line":26,"column":8},"end":{"line":29,"column":11}},"11":{"start":{"line":27,"column":10},"end":{"line":27,"column":68}},"12":{"start":{"line":28,"column":10},"end":{"line":28,"column":68}},"13":{"start":{"line":31,"column":8},"end":{"line":31,"column":31}},"14":{"start":{"line":35,"column":8},"end":{"line":35,"column":74}},"15":{"start":{"line":40,"column":6},"end":{"line":40,"column":58}},"16":{"start":{"line":48,"column":0},"end":{"line":50,"column":2}}},"branchMap":{"1":{"line":19,"type":"if","locations":[{"start":{"line":19,"column":4},"end":{"line":19,"column":4}},{"start":{"line":19,"column":4},"end":{"line":19,"column":4}}]},"2":{"line":19,"type":"binary-expr","locations":[{"start":{"line":19,"column":8},"end":{"line":19,"column":14}},{"start":{"line":19,"column":18},"end":{"line":19,"column":45}}]}}},"app/app.js":{"path":"app/app.js","s":{"1":1,"2":1,"3":1,"4":1,"5":1,"6":1,"7":1,"8":1,"9":1,"10":1,"11":1,"12":4,"13":4,"14":4,"15":4,"16":1,"17":3,"18":1,"19":1,"20":2,"21":2,"22":1,"23":1,"24":1,"25":1,"26":1,"27":1},"b":{"1":[4,1],"2":[4,1],"3":[1,3],"4":[4,1],"5":[1,2],"6":[1,1]},"f":{"1":4,"2":2},"fnMap":{"1":{"name":"(anonymous_1)","line":27,"loc":{"start":{"line":27,"column":13},"end":{"line":27,"column":33}}},"2":{"name":"(anonymous_2)","line":55,"loc":{"start":{"line":55,"column":44},"end":{"line":55,"column":69}}}},"statementMap":{"1":{"start":{"line":1,"column":0},"end":{"line":1,"column":33}},"2":{"start":{"line":2,"column":0},"end":{"line":2,"column":37}},"3":{"start":{"line":4,"column":0},"end":{"line":4,"column":48}},"4":{"start":{"line":5,"column":0},"end":{"line":5,"column":42}},"5":{"start":{"line":11,"column":0},"end":{"line":11,"column":47}},"6":{"start":{"line":12,"column":0},"end":{"line":12,"column":67}},"7":{"start":{"line":13,"column":0},"end":{"line":13,"column":78}},"8":{"start":{"line":19,"column":0},"end":{"line":19,"column":46}},"9":{"start":{"line":20,"column":0},"end":{"line":20,"column":39}},"10":{"start":{"line":21,"column":0},"end":{"line":21,"column":31}},"11":{"start":{"line":27,"column":0},"end":{"line":69,"column":3}},"12":{"start":{"line":29,"column":2},"end":{"line":29,"column":31}},"13":{"start":{"line":30,"column":2},"end":{"line":30,"column":37}},"14":{"start":{"line":32,"column":2},"end":{"line":38,"column":4}},"15":{"start":{"line":42,"column":2},"end":{"line":44,"column":3}},"16":{"start":{"line":43,"column":4},"end":{"line":43,"column":50}},"17":{"start":{"line":48,"column":2},"end":{"line":51,"column":3}},"18":{"start":{"line":49,"column":4},"end":{"line":49,"column":46}},"19":{"start":{"line":50,"column":4},"end":{"line":50,"column":50}},"20":{"start":{"line":55,"column":2},"end":{"line":66,"column":5}},"21":{"start":{"line":57,"column":4},"end":{"line":60,"column":5}},"22":{"start":{"line":59,"column":6},"end":{"line":59,"column":52}},"23":{"start":{"line":62,"column":4},"end":{"line":62,"column":38}},"24":{"start":{"line":63,"column":4},"end":{"line":63,"column":43}},"25":{"start":{"line":64,"column":4},"end":{"line":64,"column":43}},"26":{"start":{"line":75,"column":0},"end":{"line":75,"column":17}},"27":{"start":{"line":76,"column":0},"end":{"line":76,"column":38}}},"branchMap":{"1":{"line":33,"type":"binary-expr","locations":[{"start":{"line":33,"column":19},"end":{"line":33,"column":23}},{"start":{"line":33,"column":27},"end":{"line":33,"column":29}}]},"2":{"line":34,"type":"binary-expr","locations":[{"start":{"line":34,"column":22},"end":{"line":34,"column":29}},{"start":{"line":34,"column":33},"end":{"line":34,"column":35}}]},"3":{"line":42,"type":"if","locations":[{"start":{"line":42,"column":2},"end":{"line":42,"column":2}},{"start":{"line":42,"column":2},"end":{"line":42,"column":2}}]},"4":{"line":42,"type":"binary-expr","locations":[{"start":{"line":42,"column":6},"end":{"line":42,"column":11}},{"start":{"line":42,"column":15},"end":{"line":42,"column":23}}]},"5":{"line":48,"type":"if","locations":[{"start":{"line":48,"column":2},"end":{"line":48,"column":2}},{"start":{"line":48,"column":2},"end":{"line":48,"column":2}}]},"6":{"line":57,"type":"if","locations":[{"start":{"line":57,"column":4},"end":{"line":57,"column":4}},{"start":{"line":57,"column":4},"end":{"line":57,"column":4}}]}}}}