{"app/app.js":{"path":"app/app.js","s":{"1":1,"2":1,"3":1,"4":1,"5":1,"6":1,"7":1,"8":1,"9":1,"10":1,"11":1,"12":0,"13":0,"14":0,"15":0,"16":0,"17":0,"18":0,"19":0,"20":0,"21":0,"22":0,"23":0,"24":0,"25":0,"26":0,"27":1,"28":1},"b":{"1":[0,0],"2":[0,0],"3":[0,0],"4":[0,0],"5":[0,0],"6":[0,0]},"f":{"1":0,"2":0},"fnMap":{"1":{"name":"(anonymous_1)","line":27,"loc":{"start":{"line":27,"column":13},"end":{"line":27,"column":33}}},"2":{"name":"(anonymous_2)","line":55,"loc":{"start":{"line":55,"column":44},"end":{"line":55,"column":69}}}},"statementMap":{"1":{"start":{"line":1,"column":0},"end":{"line":1,"column":33}},"2":{"start":{"line":2,"column":0},"end":{"line":2,"column":20}},"3":{"start":{"line":4,"column":0},"end":{"line":4,"column":48}},"4":{"start":{"line":5,"column":0},"end":{"line":5,"column":42}},"5":{"start":{"line":11,"column":0},"end":{"line":11,"column":47}},"6":{"start":{"line":12,"column":0},"end":{"line":12,"column":67}},"7":{"start":{"line":13,"column":0},"end":{"line":13,"column":78}},"8":{"start":{"line":19,"column":0},"end":{"line":19,"column":46}},"9":{"start":{"line":20,"column":0},"end":{"line":20,"column":39}},"10":{"start":{"line":21,"column":0},"end":{"line":21,"column":31}},"11":{"start":{"line":27,"column":0},"end":{"line":69,"column":3}},"12":{"start":{"line":29,"column":2},"end":{"line":29,"column":31}},"13":{"start":{"line":30,"column":2},"end":{"line":30,"column":37}},"14":{"start":{"line":32,"column":2},"end":{"line":38,"column":4}},"15":{"start":{"line":42,"column":2},"end":{"line":44,"column":3}},"16":{"start":{"line":43,"column":4},"end":{"line":43,"column":50}},"17":{"start":{"line":48,"column":2},"end":{"line":51,"column":3}},"18":{"start":{"line":49,"column":4},"end":{"line":49,"column":46}},"19":{"start":{"line":50,"column":4},"end":{"line":50,"column":50}},"20":{"start":{"line":55,"column":2},"end":{"line":66,"column":5}},"21":{"start":{"line":57,"column":4},"end":{"line":60,"column":5}},"22":{"start":{"line":58,"column":6},"end":{"line":58,"column":27}},"23":{"start":{"line":59,"column":6},"end":{"line":59,"column":52}},"24":{"start":{"line":62,"column":4},"end":{"line":62,"column":38}},"25":{"start":{"line":63,"column":4},"end":{"line":63,"column":43}},"26":{"start":{"line":64,"column":4},"end":{"line":64,"column":43}},"27":{"start":{"line":75,"column":0},"end":{"line":75,"column":17}},"28":{"start":{"line":76,"column":0},"end":{"line":76,"column":38}}},"branchMap":{"1":{"line":33,"type":"binary-expr","locations":[{"start":{"line":33,"column":19},"end":{"line":33,"column":23}},{"start":{"line":33,"column":27},"end":{"line":33,"column":29}}]},"2":{"line":34,"type":"binary-expr","locations":[{"start":{"line":34,"column":22},"end":{"line":34,"column":29}},{"start":{"line":34,"column":33},"end":{"line":34,"column":35}}]},"3":{"line":42,"type":"if","locations":[{"start":{"line":42,"column":2},"end":{"line":42,"column":2}},{"start":{"line":42,"column":2},"end":{"line":42,"column":2}}]},"4":{"line":42,"type":"binary-expr","locations":[{"start":{"line":42,"column":6},"end":{"line":42,"column":11}},{"start":{"line":42,"column":15},"end":{"line":42,"column":23}}]},"5":{"line":48,"type":"if","locations":[{"start":{"line":48,"column":2},"end":{"line":48,"column":2}},{"start":{"line":48,"column":2},"end":{"line":48,"column":2}}]},"6":{"line":57,"type":"if","locations":[{"start":{"line":57,"column":4},"end":{"line":57,"column":4}},{"start":{"line":57,"column":4},"end":{"line":57,"column":4}}]}}},"app/form_validator.js":{"path":"app/form_validator.js","s":{"1":1,"2":7,"3":7,"4":1,"5":5,"6":1,"7":3,"8":1},"b":{"1":[5,3],"2":[3,2]},"f":{"1":7,"2":5,"3":3},"fnMap":{"1":{"name":"(anonymous_1)","line":1,"loc":{"start":{"line":1,"column":32},"end":{"line":1,"column":49}}},"2":{"name":"(anonymous_2)","line":8,"loc":{"start":{"line":8,"column":21},"end":{"line":8,"column":38}}},"3":{"name":"(anonymous_3)","line":13,"loc":{"start":{"line":13,"column":30},"end":{"line":13,"column":55}}}},"statementMap":{"1":{"start":{"line":1,"column":0},"end":{"line":5,"column":2}},"2":{"start":{"line":3,"column":2},"end":{"line":3,"column":49}},"3":{"start":{"line":4,"column":2},"end":{"line":4,"column":45}},"4":{"start":{"line":8,"column":0},"end":{"line":10,"column":2}},"5":{"start":{"line":9,"column":2},"end":{"line":9,"column":44}},"6":{"start":{"line":13,"column":0},"end":{"line":15,"column":2}},"7":{"start":{"line":14,"column":2},"end":{"line":14,"column":68}},"8":{"start":{"line":18,"column":0},"end":{"line":22,"column":2}}},"branchMap":{"1":{"line":9,"type":"binary-expr","locations":[{"start":{"line":9,"column":9},"end":{"line":9,"column":24}},{"start":{"line":9,"column":28},"end":{"line":9,"column":43}}]},"2":{"line":14,"type":"binary-expr","locations":[{"start":{"line":14,"column":9},"end":{"line":14,"column":40}},{"start":{"line":14,"column":44},"end":{"line":14,"column":67}}]}}},"app/photo_model.js":{"path":"app/photo_model.js","s":{"1":1,"2":1,"3":3,"4":3,"5":3,"6":2,"7":2,"8":1,"9":1,"10":2,"11":2,"12":1,"13":1,"14":1,"15":1,"16":5,"17":5,"18":5,"19":5,"20":5,"21":5,"22":2,"23":2,"24":1},"b":{"1":[2,1],"2":[3,3]},"f":{"1":3,"2":3,"3":2,"4":5},"fnMap":{"1":{"name":"(anonymous_1)","line":4,"loc":{"start":{"line":4,"column":22},"end":{"line":4,"column":57}}},"2":{"name":"(anonymous_2)","line":16,"loc":{"start":{"line":16,"column":35},"end":{"line":16,"column":68}}},"3":{"name":"(anonymous_3)","line":25,"loc":{"start":{"line":25,"column":23},"end":{"line":25,"column":40}}},"4":{"name":"(anonymous_4)","line":47,"loc":{"start":{"line":47,"column":17},"end":{"line":47,"column":38}}}},"statementMap":{"1":{"start":{"line":1,"column":0},"end":{"line":1,"column":33}},"2":{"start":{"line":4,"column":0},"end":{"line":44,"column":2}},"3":{"start":{"line":6,"column":2},"end":{"line":14,"column":4}},"4":{"start":{"line":16,"column":2},"end":{"line":42,"column":5}},"5":{"start":{"line":18,"column":4},"end":{"line":40,"column":5}},"6":{"start":{"line":20,"column":6},"end":{"line":35,"column":7}},"7":{"start":{"line":22,"column":8},"end":{"line":22,"column":36}},"8":{"start":{"line":23,"column":8},"end":{"line":23,"column":32}},"9":{"start":{"line":25,"column":8},"end":{"line":28,"column":11}},"10":{"start":{"line":26,"column":10},"end":{"line":26,"column":68}},"11":{"start":{"line":27,"column":10},"end":{"line":27,"column":68}},"12":{"start":{"line":30,"column":8},"end":{"line":30,"column":29}},"13":{"start":{"line":34,"column":8},"end":{"line":34,"column":74}},"14":{"start":{"line":39,"column":6},"end":{"line":39,"column":58}},"15":{"start":{"line":47,"column":0},"end":{"line":64,"column":2}},"16":{"start":{"line":49,"column":2},"end":{"line":62,"column":3}},"17":{"start":{"line":50,"column":4},"end":{"line":50,"column":43}},"18":{"start":{"line":51,"column":4},"end":{"line":51,"column":45}},"19":{"start":{"line":52,"column":4},"end":{"line":52,"column":67}},"20":{"start":{"line":55,"column":4},"end":{"line":55,"column":49}},"21":{"start":{"line":57,"column":4},"end":{"line":57,"column":34}},"22":{"start":{"line":60,"column":4},"end":{"line":60,"column":73}},"23":{"start":{"line":61,"column":4},"end":{"line":61,"column":16}},"24":{"start":{"line":67,"column":0},"end":{"line":70,"column":2}}},"branchMap":{"1":{"line":18,"type":"if","locations":[{"start":{"line":18,"column":4},"end":{"line":18,"column":4}},{"start":{"line":18,"column":4},"end":{"line":18,"column":4}}]},"2":{"line":18,"type":"binary-expr","locations":[{"start":{"line":18,"column":8},"end":{"line":18,"column":14}},{"start":{"line":18,"column":18},"end":{"line":18,"column":45}}]}}}}