TN:
SF:app/app.js
FN:27,(anonymous_1)
FN:55,(anonymous_2)
FNF:2
FNH:2
FNDA:3,(anonymous_1)
FNDA:1,(anonymous_2)
DA:1,1
DA:2,1
DA:4,1
DA:5,1
DA:11,1
DA:12,1
DA:13,1
DA:19,1
DA:20,1
DA:21,1
DA:27,1
DA:29,3
DA:30,3
DA:32,3
DA:42,3
DA:43,1
DA:48,2
DA:49,1
DA:50,1
DA:55,1
DA:57,1
DA:58,0
DA:59,0
DA:62,1
DA:63,1
DA:64,1
DA:75,1
DA:76,1
LF:28
LH:26
BRDA:33,1,0,3
BRDA:33,1,1,1
BRDA:34,2,0,3
BRDA:34,2,1,1
BRDA:42,3,0,1
BRDA:42,3,1,2
BRDA:42,4,0,3
BRDA:42,4,1,1
BRDA:48,5,0,1
BRDA:48,5,1,1
BRDA:57,6,0,0
BRDA:57,6,1,1
BRF:12
BRH:11
end_of_record
TN:
SF:app/form_validator.js
FN:1,(anonymous_1)
FN:8,(anonymous_2)
FN:13,(anonymous_3)
FNF:3
FNH:3
FNDA:9,(anonymous_1)
FNDA:6,(anonymous_2)
FNDA:5,(anonymous_3)
DA:1,1
DA:3,9
DA:4,9
DA:8,1
DA:9,6
DA:13,1
DA:14,5
DA:18,1
LF:8
LH:8
BRDA:9,1,0,6
BRDA:9,1,1,3
BRDA:14,2,0,5
BRDA:14,2,1,3
BRF:4
BRH:4
end_of_record
TN:
SF:app/photo_model.js
FN:4,(anonymous_1)
FN:16,(anonymous_2)
FN:25,(anonymous_3)
FN:47,(anonymous_4)
FNF:4
FNH:4
FNDA:4,(anonymous_1)
FNDA:4,(anonymous_2)
FNDA:4,(anonymous_3)
FNDA:6,(anonymous_4)
DA:1,1
DA:4,1
DA:6,4
DA:16,4
DA:18,4
DA:20,3
DA:22,3
DA:23,2
DA:25,2
DA:26,4
DA:27,4
DA:30,2
DA:34,1
DA:39,1
DA:47,1
DA:49,6
DA:50,6
DA:51,6
DA:52,6
DA:55,6
DA:57,6
DA:60,2
DA:61,2
DA:67,1
LF:24
LH:24
BRDA:18,1,0,3
BRDA:18,1,1,1
BRDA:18,2,0,4
BRDA:18,2,1,4
BRF:4
BRH:4
end_of_record
