TN:
SF:app/form_validator.js
FN:1,(anonymous_1)
FN:8,(anonymous_2)
FN:13,(anonymous_3)
FNF:3
FNH:3
FNDA:10,(anonymous_1)
FNDA:7,(anonymous_2)
FNDA:6,(anonymous_3)
DA:1,1
DA:3,10
DA:4,10
DA:8,1
DA:9,7
DA:13,1
DA:14,6
DA:18,1
LF:8
LH:8
BRDA:9,1,0,7
BRDA:9,1,1,3
BRDA:14,2,0,6
BRDA:14,2,1,4
BRF:4
BRH:4
end_of_record
TN:
SF:app/jsonp_helper.js
FN:1,(anonymous_1)
FNF:1
FNH:1
FNDA:7,(anonymous_1)
DA:1,1
DA:3,7
DA:4,7
DA:5,7
DA:6,7
DA:9,7
DA:11,7
DA:14,3
DA:15,3
DA:21,1
LF:10
LH:10
BRF:0
BRH:0
end_of_record
TN:
SF:app/photo_model.js
FN:5,(anonymous_1)
FN:17,(anonymous_2)
FN:26,(anonymous_3)
FNF:3
FNH:3
FNDA:5,(anonymous_1)
FNDA:5,(anonymous_2)
FNDA:4,(anonymous_3)
DA:1,1
DA:2,1
DA:5,1
DA:7,5
DA:17,5
DA:19,5
DA:21,4
DA:23,4
DA:24,2
DA:26,2
DA:27,4
DA:28,4
DA:31,2
DA:35,2
DA:40,1
DA:48,1
LF:16
LH:16
BRDA:19,1,0,4
BRDA:19,1,1,1
BRDA:19,2,0,5
BRDA:19,2,1,5
BRF:4
BRH:4
end_of_record
TN:
SF:app/app.js
FN:27,(anonymous_1)
FN:55,(anonymous_2)
FNF:2
FNH:2
FNDA:4,(anonymous_1)
FNDA:2,(anonymous_2)
DA:1,1
DA:2,1
DA:4,1
DA:5,1
DA:11,1
DA:12,1
DA:13,1
DA:19,1
DA:20,1
DA:21,1
DA:27,1
DA:29,4
DA:30,4
DA:32,4
DA:42,4
DA:43,1
DA:48,3
DA:49,1
DA:50,1
DA:55,2
DA:57,2
DA:59,1
DA:62,1
DA:63,1
DA:64,1
DA:75,1
DA:76,1
LF:27
LH:27
BRDA:33,1,0,4
BRDA:33,1,1,1
BRDA:34,2,0,4
BRDA:34,2,1,1
BRDA:42,3,0,1
BRDA:42,3,1,3
BRDA:42,4,0,4
BRDA:42,4,1,1
BRDA:48,5,0,1
BRDA:48,5,1,2
BRDA:57,6,0,1
BRDA:57,6,1,1
BRF:12
BRH:12
end_of_record
