{"/Users/gregjopa/Documents/git/express-app-testing-demo/app/app.js": {"path":"/Users/gregjopa/Documents/git/express-app-testing-demo/app/app.js","statementMap":{"0":{"start":{"line":1,"column":14},"end":{"line":1,"column":32}},"1":{"start":{"line":2,"column":14},"end":{"line":2,"column":38}},"2":{"start":{"line":3,"column":11},"end":{"line":3,"column":26}},"3":{"start":{"line":5,"column":10},"end":{"line":5,"column":36}},"4":{"start":{"line":6,"column":20},"end":{"line":6,"column":47}},"5":{"start":{"line":7,"column":17},"end":{"line":7,"column":41}},"6":{"start":{"line":13,"column":0},"end":{"line":13,"column":56}},"7":{"start":{"line":14,"column":0},"end":{"line":14,"column":71}},"8":{"start":{"line":15,"column":0},"end":{"line":15,"column":77}},"9":{"start":{"line":21,"column":0},"end":{"line":21,"column":46}},"10":{"start":{"line":22,"column":0},"end":{"line":22,"column":48}},"11":{"start":{"line":23,"column":0},"end":{"line":23,"column":31}},"12":{"start":{"line":29,"column":0},"end":{"line":71,"column":3}},"13":{"start":{"line":31,"column":13},"end":{"line":31,"column":27}},"14":{"start":{"line":32,"column":16},"end":{"line":32,"column":33}},"15":{"start":{"line":34,"column":26},"end":{"line":40,"column":3}},"16":{"start":{"line":44,"column":2},"end":{"line":46,"column":3}},"17":{"start":{"line":45,"column":4},"end":{"line":45,"column":50}},"18":{"start":{"line":50,"column":2},"end":{"line":53,"column":3}},"19":{"start":{"line":51,"column":4},"end":{"line":51,"column":46}},"20":{"start":{"line":52,"column":4},"end":{"line":52,"column":50}},"21":{"start":{"line":57,"column":2},"end":{"line":68,"column":5}},"22":{"start":{"line":59,"column":4},"end":{"line":62,"column":5}},"23":{"start":{"line":61,"column":6},"end":{"line":61,"column":52}},"24":{"start":{"line":64,"column":4},"end":{"line":64,"column":38}},"25":{"start":{"line":65,"column":4},"end":{"line":65,"column":43}},"26":{"start":{"line":66,"column":4},"end":{"line":66,"column":43}},"27":{"start":{"line":77,"column":11},"end":{"line":77,"column":35}},"28":{"start":{"line":78,"column":0},"end":{"line":78,"column":30}},"29":{"start":{"line":79,"column":0},"end":{"line":79,"column":41}}},"fnMap":{"0":{"name":"(anonymous_0)","decl":{"start":{"line":29,"column":13},"end":{"line":29,"column":14}},"loc":{"start":{"line":29,"column":33},"end":{"line":71,"column":1}},"line":29},"1":{"name":"(anonymous_1)","decl":{"start":{"line":57,"column":44},"end":{"line":57,"column":45}},"loc":{"start":{"line":57,"column":69},"end":{"line":68,"column":3}},"line":57}},"branchMap":{"0":{"loc":{"start":{"line":35,"column":19},"end":{"line":35,"column":29}},"type":"binary-expr","locations":[{"start":{"line":35,"column":19},"end":{"line":35,"column":23}},{"start":{"line":35,"column":27},"end":{"line":35,"column":29}}],"line":35},"1":{"loc":{"start":{"line":36,"column":22},"end":{"line":36,"column":35}},"type":"binary-expr","locations":[{"start":{"line":36,"column":22},"end":{"line":36,"column":29}},{"start":{"line":36,"column":33},"end":{"line":36,"column":35}}],"line":36},"2":{"loc":{"start":{"line":44,"column":2},"end":{"line":46,"column":3}},"type":"if","locations":[{"start":{"line":44,"column":2},"end":{"line":46,"column":3}},{"start":{"line":44,"column":2},"end":{"line":46,"column":3}}],"line":44},"3":{"loc":{"start":{"line":44,"column":6},"end":{"line":44,"column":23}},"type":"binary-expr","locations":[{"start":{"line":44,"column":6},"end":{"line":44,"column":11}},{"start":{"line":44,"column":15},"end":{"line":44,"column":23}}],"line":44},"4":{"loc":{"start":{"line":50,"column":2},"end":{"line":53,"column":3}},"type":"if","locations":[{"start":{"line":50,"column":2},"end":{"line":53,"column":3}},{"start":{"line":50,"column":2},"end":{"line":53,"column":3}}],"line":50},"5":{"loc":{"start":{"line":59,"column":4},"end":{"line":62,"column":5}},"type":"if","locations":[{"start":{"line":59,"column":4},"end":{"line":62,"column":5}},{"start":{"line":59,"column":4},"end":{"line":62,"column":5}}],"line":59},"6":{"loc":{"start":{"line":77,"column":11},"end":{"line":77,"column":35}},"type":"binary-expr","locations":[{"start":{"line":77,"column":11},"end":{"line":77,"column":27}},{"start":{"line":77,"column":31},"end":{"line":77,"column":35}}],"line":77}},"s":{"0":1,"1":1,"2":1,"3":1,"4":1,"5":1,"6":1,"7":1,"8":1,"9":1,"10":1,"11":1,"12":1,"13":4,"14":4,"15":4,"16":4,"17":1,"18":3,"19":1,"20":1,"21":2,"22":2,"23":1,"24":1,"25":1,"26":1,"27":1,"28":1,"29":1},"f":{"0":4,"1":2},"b":{"0":[4,1],"1":[4,1],"2":[1,3],"3":[4,1],"4":[1,2],"5":[1,1],"6":[1,0]},"_coverageSchema":"332fd63041d2c1bcb487cc26dd0d5f7d97098a6c","hash":"81ab2843f4ebd6a8bd7baa6afe4b1764edc3f561"}
,"/Users/gregjopa/Documents/git/express-app-testing-demo/app/form_validator.js": {"path":"/Users/gregjopa/Documents/git/express-app-testing-demo/app/form_validator.js","statementMap":{"0":{"start":{"line":1,"column":32},"end":{"line":5,"column":1}},"1":{"start":{"line":3,"column":32},"end":{"line":3,"column":48}},"2":{"start":{"line":4,"column":2},"end":{"line":4,"column":45}},"3":{"start":{"line":8,"column":21},"end":{"line":10,"column":1}},"4":{"start":{"line":9,"column":2},"end":{"line":9,"column":44}},"5":{"start":{"line":13,"column":30},"end":{"line":15,"column":1}},"6":{"start":{"line":14,"column":2},"end":{"line":14,"column":68}},"7":{"start":{"line":18,"column":0},"end":{"line":22,"column":2}}},"fnMap":{"0":{"name":"(anonymous_0)","decl":{"start":{"line":1,"column":32},"end":{"line":1,"column":33}},"loc":{"start":{"line":1,"column":49},"end":{"line":5,"column":1}},"line":1},"1":{"name":"(anonymous_1)","decl":{"start":{"line":8,"column":21},"end":{"line":8,"column":22}},"loc":{"start":{"line":8,"column":38},"end":{"line":10,"column":1}},"line":8},"2":{"name":"(anonymous_2)","decl":{"start":{"line":13,"column":30},"end":{"line":13,"column":31}},"loc":{"start":{"line":13,"column":55},"end":{"line":15,"column":1}},"line":13}},"branchMap":{"0":{"loc":{"start":{"line":9,"column":9},"end":{"line":9,"column":43}},"type":"binary-expr","locations":[{"start":{"line":9,"column":9},"end":{"line":9,"column":24}},{"start":{"line":9,"column":28},"end":{"line":9,"column":43}}],"line":9},"1":{"loc":{"start":{"line":14,"column":9},"end":{"line":14,"column":67}},"type":"binary-expr","locations":[{"start":{"line":14,"column":9},"end":{"line":14,"column":40}},{"start":{"line":14,"column":44},"end":{"line":14,"column":67}}],"line":14}},"s":{"0":2,"1":10,"2":10,"3":2,"4":7,"5":2,"6":6,"7":2},"f":{"0":10,"1":7,"2":6},"b":{"0":[7,3],"1":[6,4]},"_coverageSchema":"332fd63041d2c1bcb487cc26dd0d5f7d97098a6c","hash":"b228781a9bc1401c5bc065fd751853dc9708fcd7"}
,"/Users/gregjopa/Documents/git/express-app-testing-demo/app/jsonp_helper.js": {"path":"/Users/gregjopa/Documents/git/express-app-testing-demo/app/jsonp_helper.js","statementMap":{"0":{"start":{"line":1,"column":17},"end":{"line":18,"column":1}},"1":{"start":{"line":3,"column":2},"end":{"line":16,"column":3}},"2":{"start":{"line":4,"column":19},"end":{"line":4,"column":42}},"3":{"start":{"line":5,"column":17},"end":{"line":5,"column":44}},"4":{"start":{"line":6,"column":21},"end":{"line":6,"column":66}},"5":{"start":{"line":9,"column":4},"end":{"line":9,"column":49}},"6":{"start":{"line":11,"column":4},"end":{"line":11,"column":34}},"7":{"start":{"line":14,"column":16},"end":{"line":14,"column":72}},"8":{"start":{"line":15,"column":4},"end":{"line":15,"column":16}},"9":{"start":{"line":21,"column":0},"end":{"line":23,"column":2}}},"fnMap":{"0":{"name":"(anonymous_0)","decl":{"start":{"line":1,"column":17},"end":{"line":1,"column":18}},"loc":{"start":{"line":1,"column":38},"end":{"line":18,"column":1}},"line":1}},"branchMap":{},"s":{"0":3,"1":5,"2":5,"3":5,"4":5,"5":5,"6":5,"7":2,"8":2,"9":3},"f":{"0":5},"b":{},"_coverageSchema":"332fd63041d2c1bcb487cc26dd0d5f7d97098a6c","hash":"631b93a0a56cddb39fd22f9cd2d6892779c3e31c"}
,"/Users/gregjopa/Documents/git/express-app-testing-demo/app/photo_model.js": {"path":"/Users/gregjopa/Documents/git/express-app-testing-demo/app/photo_model.js","statementMap":{"0":{"start":{"line":1,"column":14},"end":{"line":1,"column":32}},"1":{"start":{"line":2,"column":18},"end":{"line":2,"column":43}},"2":{"start":{"line":5,"column":22},"end":{"line":45,"column":1}},"3":{"start":{"line":7,"column":28},"end":{"line":15,"column":3}},"4":{"start":{"line":17,"column":2},"end":{"line":43,"column":5}},"5":{"start":{"line":19,"column":4},"end":{"line":41,"column":5}},"6":{"start":{"line":21,"column":6},"end":{"line":36,"column":7}},"7":{"start":{"line":23,"column":19},"end":{"line":23,"column":47}},"8":{"start":{"line":24,"column":21},"end":{"line":24,"column":31}},"9":{"start":{"line":26,"column":8},"end":{"line":29,"column":11}},"10":{"start":{"line":27,"column":10},"end":{"line":27,"column":68}},"11":{"start":{"line":28,"column":10},"end":{"line":28,"column":68}},"12":{"start":{"line":31,"column":8},"end":{"line":31,"column":31}},"13":{"start":{"line":35,"column":8},"end":{"line":35,"column":74}},"14":{"start":{"line":40,"column":6},"end":{"line":40,"column":58}},"15":{"start":{"line":48,"column":0},"end":{"line":50,"column":2}}},"fnMap":{"0":{"name":"(anonymous_0)","decl":{"start":{"line":5,"column":22},"end":{"line":5,"column":23}},"loc":{"start":{"line":5,"column":57},"end":{"line":45,"column":1}},"line":5},"1":{"name":"(anonymous_1)","decl":{"start":{"line":17,"column":35},"end":{"line":17,"column":36}},"loc":{"start":{"line":17,"column":68},"end":{"line":43,"column":3}},"line":17},"2":{"name":"(anonymous_2)","decl":{"start":{"line":26,"column":23},"end":{"line":26,"column":24}},"loc":{"start":{"line":26,"column":40},"end":{"line":29,"column":9}},"line":26}},"branchMap":{"0":{"loc":{"start":{"line":19,"column":4},"end":{"line":41,"column":5}},"type":"if","locations":[{"start":{"line":19,"column":4},"end":{"line":41,"column":5}},{"start":{"line":19,"column":4},"end":{"line":41,"column":5}}],"line":19},"1":{"loc":{"start":{"line":19,"column":8},"end":{"line":19,"column":45}},"type":"binary-expr","locations":[{"start":{"line":19,"column":8},"end":{"line":19,"column":14}},{"start":{"line":19,"column":18},"end":{"line":19,"column":45}}],"line":19}},"s":{"0":2,"1":2,"2":2,"3":5,"4":5,"5":2,"6":2,"7":2,"8":1,"9":1,"10":2,"11":2,"12":1,"13":1,"14":0,"15":2},"f":{"0":5,"1":2,"2":2},"b":{"0":[2,0],"1":[2,2]},"_coverageSchema":"332fd63041d2c1bcb487cc26dd0d5f7d97098a6c","hash":"047d3ccaac28d3bd5aaf71aca14afced20e5f1cd"}
}
