TN:
SF:/Users/gregjopa/Documents/express-app-testing-demo/app/form_validator.js
FN:1,isValidCommaDelimitedList
FN:7,isValidTagmode
FN:11,hasValidFlickrAPIParams
FNF:3
FNH:3
FNDA:10,isValidCommaDelimitedList
FNDA:7,isValidTagmode
FNDA:6,hasValidFlickrAPIParams
DA:3,10
DA:4,10
DA:8,7
DA:12,6
DA:15,2
LF:5
LH:5
BRDA:8,0,0,7
BRDA:8,0,1,3
BRDA:12,1,0,6
BRDA:12,1,1,4
BRF:4
BRH:4
end_of_record
TN:
SF:/Users/gregjopa/Documents/express-app-testing-demo/app/jsonp_helper.js
FN:1,parseJSONP
FNF:1
FNH:1
FNDA:5,parseJSONP
DA:2,5
DA:3,5
DA:4,5
DA:5,5
DA:8,5
DA:10,5
DA:12,2
DA:13,2
DA:17,4
LF:9
LH:9
BRF:0
BRH:0
end_of_record
TN:
SF:/Users/gregjopa/Documents/express-app-testing-demo/app/photo_model.js
FN:5,getFlickrPhotos
FN:15,(anonymous_1)
FN:18,(anonymous_2)
FNF:3
FNH:3
FNDA:3,getFlickrPhotos
FNDA:2,(anonymous_1)
FNDA:2,(anonymous_2)
DA:1,3
DA:2,3
DA:3,3
DA:6,3
DA:8,3
DA:15,3
DA:16,2
DA:18,1
DA:19,2
DA:20,2
DA:23,1
DA:27,3
LF:12
LH:12
BRF:0
BRH:0
end_of_record
TN:
SF:/Users/gregjopa/Documents/express-app-testing-demo/app/route.js
FN:4,route
FN:5,(anonymous_1)
FN:31,(anonymous_2)
FN:36,(anonymous_3)
FNF:4
FNH:4
FNDA:1,route
FNDA:4,(anonymous_1)
FNDA:1,(anonymous_2)
FNDA:1,(anonymous_3)
DA:1,1
DA:2,1
DA:5,1
DA:6,4
DA:7,4
DA:9,4
DA:18,4
DA:19,1
DA:23,3
DA:24,1
DA:25,1
DA:29,2
DA:32,1
DA:33,1
DA:34,1
DA:37,1
DA:42,1
LF:17
LH:17
BRDA:10,0,0,4
BRDA:10,0,1,1
BRDA:11,1,0,4
BRDA:11,1,1,1
BRDA:18,2,0,1
BRDA:18,2,1,3
BRDA:18,3,0,4
BRDA:18,3,1,1
BRDA:23,4,0,1
BRDA:23,4,1,2
BRF:10
BRH:10
end_of_record
TN:
SF:/Users/gregjopa/Documents/express-app-testing-demo/app/server.js
FNF:0
FNH:0
DA:1,1
DA:2,1
DA:3,1
DA:5,1
DA:8,1
DA:9,1
DA:10,1
DA:13,1
DA:14,1
DA:15,1
DA:18,1
DA:21,1
DA:22,1
DA:23,1
DA:25,1
LF:15
LH:15
BRDA:21,0,0,1
BRDA:21,0,1,1
BRF:2
BRH:2
end_of_record
