TN:
SF:/Users/gregjopa/Documents/git/express-app-testing-demo/app/app.js
FN:29,(anonymous_0)
FN:57,(anonymous_1)
FNF:2
FNH:2
FNDA:4,(anonymous_0)
FNDA:2,(anonymous_1)
DA:1,1
DA:2,1
DA:3,1
DA:5,1
DA:6,1
DA:7,1
DA:13,1
DA:14,1
DA:15,1
DA:21,1
DA:22,1
DA:23,1
DA:29,1
DA:31,4
DA:32,4
DA:34,4
DA:44,4
DA:45,1
DA:50,3
DA:51,1
DA:52,1
DA:57,2
DA:59,2
DA:61,1
DA:64,1
DA:65,1
DA:66,1
DA:77,1
DA:78,1
DA:79,1
LF:30
LH:30
BRDA:35,0,0,4
BRDA:35,0,1,1
BRDA:36,1,0,4
BRDA:36,1,1,1
BRDA:44,2,0,1
BRDA:44,2,1,3
BRDA:44,3,0,4
BRDA:44,3,1,1
BRDA:50,4,0,1
BRDA:50,4,1,2
BRDA:59,5,0,1
BRDA:59,5,1,1
BRDA:77,6,0,1
BRDA:77,6,1,0
BRF:14
BRH:13
end_of_record
TN:
SF:/Users/gregjopa/Documents/git/express-app-testing-demo/app/form_validator.js
FN:1,(anonymous_0)
FN:8,(anonymous_1)
FN:13,(anonymous_2)
FNF:3
FNH:3
FNDA:10,(anonymous_0)
FNDA:7,(anonymous_1)
FNDA:6,(anonymous_2)
DA:1,2
DA:3,10
DA:4,10
DA:8,2
DA:9,7
DA:13,2
DA:14,6
DA:18,2
LF:8
LH:8
BRDA:9,0,0,7
BRDA:9,0,1,3
BRDA:14,1,0,6
BRDA:14,1,1,4
BRF:4
BRH:4
end_of_record
TN:
SF:/Users/gregjopa/Documents/git/express-app-testing-demo/app/jsonp_helper.js
FN:1,(anonymous_0)
FNF:1
FNH:1
FNDA:5,(anonymous_0)
DA:1,3
DA:3,5
DA:4,5
DA:5,5
DA:6,5
DA:9,5
DA:11,5
DA:14,2
DA:15,2
DA:21,3
LF:10
LH:10
BRF:0
BRH:0
end_of_record
TN:
SF:/Users/gregjopa/Documents/git/express-app-testing-demo/app/photo_model.js
FN:5,(anonymous_0)
FN:17,(anonymous_1)
FN:26,(anonymous_2)
FNF:3
FNH:3
FNDA:5,(anonymous_0)
FNDA:2,(anonymous_1)
FNDA:2,(anonymous_2)
DA:1,2
DA:2,2
DA:5,2
DA:7,5
DA:17,5
DA:19,2
DA:21,2
DA:23,2
DA:24,1
DA:26,1
DA:27,2
DA:28,2
DA:31,1
DA:35,1
DA:40,0
DA:48,2
LF:16
LH:15
BRDA:19,0,0,2
BRDA:19,0,1,0
BRDA:19,1,0,2
BRDA:19,1,1,2
BRF:4
BRH:3
end_of_record
